
ROM used:   4810/32768 (15%)
            4810/32768 (15%) including unused fragments

            3.2 Average locations per line
            31.0 Average locations per statement

RAM used:   79/2048 (4%) at main() level
            101/2048 (5%) worst case

Stack used: 6 worst case (6 in main + 0 for interrupts)
Stack size: 31

Lines Stmts  %   Files
----- ----- ---  -----
  140    66  43  PID_PWM2.c
  837     0   0  C:\Program Files (x86)\PICC\devices\18F4550.h
  456    84  54  C:\Program Files (x86)\PICC\drivers\LCD.C
   50     5   3  PID_PWM2.h
----- -----
 1483   155 Total

Page ROM  %  RAM   Vol Diff  Functions:
---- --- --- ---   --- ----  ----------
0     40   0    1             @delay_ms1
0     62   1    3   596  5.9  lcd_read_byte
0     12   0    0    59  4.2  lcd_read_nibble
0     24   0    1   179  3.3  lcd_send_nibble
0     58   1    3   460  4.7  lcd_send_byte
0    120   1    6   814  7.2  lcd_init
0     34   0    4   208  6.3  lcd_gotoxy
0     80   1    1   354  4.7  lcd_putc
0     68   1    0   115  1.7  star_PWM_2HILOS
0   2052  21    4  2462  7.8  MAIN
0      2   0    0             @const712
0     32   0    2             @PSTRINGC_672
0     54   1    2             @ITOF
0    242   3   11             @MULFF
0    346   4   14             @DIVFF
0    618   6   16             @ADDFF
0    118   1   10             @FLT
0     58   1    4             @SFTOI
0    186   2    9             @PRINTF_LU_672
0      2   0    0             @const733
0     64   1    5             @FTOSD
0    142   1   13             @DIV3232
0    384   4   13             @PRINTF_L32D_672FPFPF
0      2   0    0             @const743
0      2   0    0             @const745
0      2   0    0             @const747
0      2   0    0             @const748
 Inline         0             @cinit1

Program metrics:
    Functions               9
    Statements              155
    Comments                352
    Volume (V)              7529
    Difficulty (D)          41.9
    Effort to implement (E) 315416
    Time to implement (T)   4 hours, 52 minutes
    Est Delivered Bugs (B)  2
    Cyclomatic Complexity   13
    Maintainability (MI)    77

 Segment     Used  Free
-----------  ----  ----
00000-00002     4  0  
00004-07FFE  4806  27958  



