
ROM used:   2258/32768 (7%)
            2258/32768 (7%) including unused fragments

            1.7 Average locations per line
            22.6 Average locations per statement

RAM used:   20/2048 (1%) at main() level
            42/2048 (2%) worst case

Stack used: 6 worst case (6 in main + 0 for interrupts)
Stack size: 31

Lines Stmts  %   Files
----- ----- ---  -----
   50    16  16  LCD con libreria.c
  837     0   0  C:\Program Files (x86)\PICC\devices\18f4550.H
  456    84  84  C:\Program Files (x86)\PICC\drivers\LCD.C
----- -----
 1343   100 Total

Page ROM  %  RAM   Vol Diff  Functions:
---- --- --- ---   --- ----  ----------
0     40   1    1             @delay_ms1
0     62   1    3   596  5.9  lcd_read_byte
0     12   0    0    59  4.2  lcd_read_nibble
0     24   1    1   179  3.3  lcd_send_nibble
0     58   1    3   460  4.7  lcd_send_byte
0    120   3    6   814  7.2  lcd_init
0     34   1    4   208  6.3  lcd_gotoxy
0     80   2    1   354  4.7  lcd_putc
0    324   7    4   447  3.6  MAIN
0      2   0    0             @const691
0     34   1    2             @PSTRINGC_672
0     56   1    2             @ITOF
0    242   5   11             @MULFF
0    348   8   14             @DIVFF
0     10   0    0             @const701
0     30   1    3             @PSTRINGCN_672
0    188   4    9             @PRINTF_LU_672
0      6   0    0             @const706
0     64   1    5             @FTOSD
0    142   3   13             @DIV3232
0    378   8   13             @PRINTF_L32D_672FPFPF
 Inline         0             @cinit1

Program metrics:
    Functions               8
    Statements              100
    Comments                273
    Volume (V)              4744
    Difficulty (D)          36.8
    Effort to implement (E) 174654
    Time to implement (T)   2 hours, 42 minutes
    Est Delivered Bugs (B)  1
    Cyclomatic Complexity   8
    Maintainability (MI)    115

 Segment     Used  Free
-----------  ----  ----
00000-00002     4  0  
00004-07FFE  2254  30510  



