>>> Warning 229 "PID + PWM4.c" Line 172(1,1): Subscript out of range
>>> Warning 229 "PID + PWM4.c" Line 173(1,1): Subscript out of range
>>> Warning 229 "PID + PWM4.c" Line 174(1,1): Subscript out of range
>>> Warning 229 "PID + PWM4.c" Line 176(1,1): Subscript out of range
>>> Warning 229 "PID + PWM4.c" Line 177(1,1): Subscript out of range
>>> Warning 229 "PID + PWM4.c" Line 178(1,1): Subscript out of range
>>> Warning 229 "PID + PWM4.c" Line 179(1,1): Subscript out of range
>>> Warning 229 "PID + PWM4.c" Line 181(1,1): Subscript out of range
>>> Warning 229 "PID + PWM4.c" Line 182(1,1): Subscript out of range
>>> Warning 229 "PID + PWM4.c" Line 183(1,1): Subscript out of range
>>> Warning 229 "PID + PWM4.c" Line 184(1,1): Subscript out of range
>>> Warning 229 "PID + PWM4.c" Line 186(1,1): Subscript out of range
>>> Warning 229 "PID + PWM4.c" Line 187(1,1): Subscript out of range
>>> Warning 229 "PID + PWM4.c" Line 188(1,1): Subscript out of range
>>> Warning 229 "PID + PWM4.c" Line 189(1,1): Subscript out of range
>>> Warning 229 "PID + PWM4.c" Line 191(1,1): Subscript out of range
>>> Warning 229 "PID + PWM4.c" Line 192(1,1): Subscript out of range
>>> Warning 229 "PID + PWM4.c" Line 193(1,1): Subscript out of range
>>> Warning 229 "PID + PWM4.c" Line 194(1,1): Subscript out of range
>>> Warning 229 "PID + PWM4.c" Line 195(1,1): Subscript out of range
>>> Warning 229 "PID + PWM4.c" Line 196(1,1): Subscript out of range
>>> Warning 229 "PID + PWM4.c" Line 197(1,1): Subscript out of range
>>> Warning 229 "PID + PWM4.c" Line 198(1,1): Subscript out of range
>>> Warning 229 "PID + PWM4.c" Line 199(1,1): Subscript out of range
>>> Warning 229 "PID + PWM4.c" Line 200(1,1): Subscript out of range
>>> Warning 229 "PID + PWM4.c" Line 201(1,1): Subscript out of range
>>> Warning 229 "PID + PWM4.c" Line 204(1,1): Subscript out of range
>>> Warning 229 "PID + PWM4.c" Line 205(1,1): Subscript out of range
>>> Warning 229 "PID + PWM4.c" Line 206(1,1): Subscript out of range
>>> Warning 229 "PID + PWM4.c" Line 207(1,1): Subscript out of range
>>> Warning 229 "PID + PWM4.c" Line 215(1,1): Subscript out of range
>>> Warning 229 "PID + PWM4.c" Line 216(1,1): Subscript out of range
>>> Warning 229 "PID + PWM4.c" Line 217(1,1): Subscript out of range
>>> Warning 229 "PID + PWM4.c" Line 218(1,1): Subscript out of range
>>> Warning 229 "PID + PWM4.c" Line 219(1,1): Subscript out of range
>>> Warning 229 "PID + PWM4.c" Line 220(1,1): Subscript out of range
>>> Warning 229 "PID + PWM4.c" Line 221(1,1): Subscript out of range
>>> Warning 229 "PID + PWM4.c" Line 222(1,1): Subscript out of range
>>> Warning 229 "PID + PWM4.c" Line 223(1,1): Subscript out of range
>>> Warning 229 "PID + PWM4.c" Line 224(1,1): Subscript out of range
>>> Warning 203 "PID + PWM4.c" Line 245(1,1): Condition always TRUE
>>> Warning 202 "PID + PWM4.c" Line 13(5,14): Variable never used:   menu_move
>>> Warning 202 "PID + PWM4.c" Line 14(5,18): Variable never used:   pocision_menu
>>> Warning 202 "PID + PWM4.c" Line 15(5,16): Variable never used:   menu_select
>>> Warning 202 "PID + PWM4.c" Line 16(5,14): Variable never used:   menu_back
>>> Warning 202 "PID + PWM4.c" Line 37(7,11): Variable never used:   duty
>>> Warning 202 "PID + PWM4.c" Line 39(7,8): Variable never used:   a
>>> Warning 202 "PID + PWM4.c" Line 39(9,10): Variable never used:   b
>>> Warning 202 "PID + PWM4.c" Line 39(11,12): Variable never used:   c
>>> Warning 202 "PID + PWM4.c" Line 40(7,8): Variable never used:   t
>>> Warning 202 "PID + PWM4.c" Line 43(7,8): Variable never used:   u
>>> Warning 202 "PID + PWM4.c" Line 45(7,9): Variable never used:   kd
>>> Warning 202 "PID + PWM4.c" Line 46(7,9): Variable never used:   ki
>>> Warning 202 "PID + PWM4.c" Line 47(7,9): Variable never used:   kp
>>> Warning 202 "PID + PWM4.c" Line 48(11,21): Variable never used:   conversion
      Memory usage:   ROM=5%      RAM=29% - 29%
      0 Errors,  55 Warnings.
Build Successful.
