
ROM used:   192/32768 (1%)
            192/32768 (1%) including unused fragments

            0.2 Average locations per line
            14.8 Average locations per statement

RAM used:   8/1536 (1%) at main() level
            8/1536 (1%) worst case

Stack used: 0 worst case (0 in main + 0 for interrupts)
Stack size: 31

Lines Stmts  %   Files
----- ----- ---  -----
   52    13 100  PWM.c
  840     0   0  C:\Program Files (x86)\PICC\devices\18F4520.h
----- -----
  892    13 Total

Page ROM  %  RAM   Vol Diff  Functions:
---- --- --- ---   --- ----  ----------
0    188  49    0   292  3.3  main
 Inline         0             @cinit1

Program metrics:
    Functions               1
    Statements              13
    Comments                182
    Volume (V)              295
    Difficulty (D)          3.1
    Effort to implement (E) 925
    Time to implement (T)   1 minutes
    Est Delivered Bugs (B)  0
    Cyclomatic Complexity   1
    Maintainability (MI)    144

 Segment     Used  Free
-----------  ----  ----
00000-00002     4  0  
00004-07FFE   188  32576  



