
ROM used:   1168/32768 (4%)
            1168/32768 (4%) including unused fragments

            1.1 Average locations per line
            2.4 Average locations per statement

RAM used:   16/2048 (1%) at main() level
            25/2048 (1%) worst case

Stack used: 3 worst case (3 in main + 0 for interrupts)
Stack size: 31

Lines Stmts  %   Files
----- ----- ---  -----
  231   490 100  LCD.c
  837     0   0  C:\Program Files (x86)\PICC\devices\18f4550.h
----- -----
 1068   490 Total

Page ROM  %  RAM   Vol Diff  Functions:
---- --- --- ---   --- ----  ----------
0     40   2    1             @delay_ms1
0     68   3    0   326  1.4  Active_LCD
0     68   3    0   326  1.4  Enciende_LCD
0     66   3    0   318  1.4  Clear_LCD
0    228  10    3   962  3.9  write_LCD3
0     10   0    0    31  1.1  Star_LCD
0    230  10    8  4442  5.0  Codigo_numero
0     46   2    0             @goto10675
0    254  11    2   735  5.3  MAIN
0     30   1    5             @MUL1616
0     68   3    5             @DIV1616
0     56   2    2             @ITOF
 Inline         0             @cinit1

Program metrics:
    Functions               7
    Statements              490
    Comments                167
    Volume (V)              9279
    Difficulty (D)          19.7
    Effort to implement (E) 183230
    Time to implement (T)   2 hours, 50 minutes
    Est Delivered Bugs (B)  1
    Cyclomatic Complexity   21
    Maintainability (MI)    112

 Segment     Used  Free
-----------  ----  ----
00000-00002     4  0  
00004-07FFE  1164  31600  



