
ROM used:   19352/32768 (59%)
            19352/32768 (59%) including unused fragments

            2.8 Average locations per line
            16.4 Average locations per statement

RAM used:   339/2048 (17%) at main() level
            409/2048 (20%) worst case

Stack used: 7 worst case (7 in main + 0 for interrupts)
Stack size: 31

Lines Stmts  %   Files
----- ----- ---  -----
  202   110   9  PruebaGPS4.c
  837     0   0  C:\Program Files (x86)\PICC\devices\18F4550.h
  456   100   8  C:\Program Files (x86)\PICC\drivers\lcd.c
  175    79   7  C:\Program Files (x86)\PICC\drivers\GPS_Lib.c
  163     0   0  C:\Program Files (x86)\PICC\drivers\stdint.h
 1351   359  31  C:\Program Files (x86)\PICC\drivers\stdlib.h
   32     0   0  C:\Program Files (x86)\PICC\drivers\stddef.h
  423     0   0  C:\Program Files (x86)\PICC\drivers\string.h
   28     0   0  C:\Program Files (x86)\PICC\drivers\ctype.h
  154     0   0  C:\Program Files (x86)\PICC\drivers\time.h
  326   128  11  C:\Program Files (x86)\PICC\drivers\stdlibm.h
   76    13   1  C:\Program Files (x86)\PICC\drivers\memmgmt.c
  342   131  11  C:\Program Files (x86)\PICC\drivers\time.c
 2229   257  22  C:\Program Files (x86)\PICC\drivers\math.h
----- -----
 6794  1177 Total

Page ROM  %  RAM   Vol Diff  Functions:
---- --- --- ---   --- ----  ----------
0     40   0    1             @delay_ms1
0     24   0    0             @GETCH_BIU_1
0     68   0    3   760  4.5  lcd_read_byte
0     78   0    2   262  3.7  lcd_read_nibble
0     56   0    1   399  2.4  lcd_send_nibble
0     74   0    3   415  3.7  lcd_send_byte
0    150   0    6   852  6.2  lcd_init
0     38   0    4   208  6.3  lcd_gotoxy
0    108   0    1   354  4.7  lcd_putc
0    120   0    5   231  6.6  strcmp
0    246   1   11             @MULFF
0     54   0    2             @ITOF
0    632   2   16             @ADDFF
0    350   1   14             @DIVFF
0     90   0   14             @MUL3232
0    234   1   14             @DIVS3232
0    590   2   19  1542 12.4  strtof
0     70   0    5             @DIV1616
0     36   0    5             @MUL1616
0     76   0    9   198  5.7  stringcpy
0    546   1    5  2520  8.3  GPSRead
0     26   0    1    83  2.8  GPSSecond
0     26   0    1    83  2.8  GPSMinute
0     26   0    1    83  2.8  GPSHour
0     26   0    1    83  2.8  GPSDay
0     26   0    1    83  2.8  GPSMonth
0     26   0    1    82  3.1  GPSyear
0     60   0    4             @SFTOI
0     98   0    2   352  4.6  DaysInMonth
0    136   0    4   211  4.9  LeapYear
0   1244   3   23  1461 11.6  mktime
0     44   0    3             @DIV88
0   1000   3   15  1777 11.2  localtime
0    864   2   20  1121 10.1  CEIL_FLOOR
0    122   0   10             @FLT
0     26   0    4    43  2.1  floor
0    296   1   18   510 10.6  sqrt
0    924   2   46  1146  9.9  cos
0     78   0    8    44  1.9  sin
0    158   0   12   176  4.3  tan
0   1032   3   26  1040  7.9  ASIN_COS
0     60   0    8    80  3.0  acos
0    148   0    1   388  4.0  print_wday
0     12   0    0             @const1367
0     32   0    2             @PSTRINGC_676
0     10   0    0             @const1369
0     10   0    0             @const1370
0     10   0    0             @const1371
0      8   0    0             @const1372
0     12   0    0             @const1373
0      8   0    0             @const1374
0   8328  22   18  8858 10.4  MAIN
0     32   0    0             @const1378
0      2   0    0             @const1379
0     38   0    2             @PSTRINGR_676
0     10   0    0             @const1381
0     42   0    3             @PSTRINGCN_676
0     68   0    5             @FTOSD
0    148   0   13             @DIV3232
0    432   1   13             @PRINTF_L32D_676FPFPF
0     10   0    0             @const1392
0     10   0    0             @const1393
 Inline         0             @cinit1

Program metrics:
    Functions               31
    Statements              1177
    Comments                1557
    Volume (V)              40371
    Difficulty (D)          179.4
    Effort to implement (E) 7240858
    Time to implement (T)   111 hours, 44 minutes
    Est Delivered Bugs (B)  12
    Cyclomatic Complexity   107
    Maintainability (MI)    24

 Segment     Used  Free
-----------  ----  ----
00000-00002     4  0  
00004-07FFE  19348  13416  



