
ROM used:   284/32768 (1%)
            284/32768 (1%) including unused fragments

            0.3 Average locations per line
            6.2 Average locations per statement

RAM used:   7/2048 (0%) at main() level
            7/2048 (0%) worst case

Stack used: 1 worst case (1 in main + 0 for interrupts)
Stack size: 31

Lines Stmts  %   Files
----- ----- ---  -----
   62    46 100  4 PWM .c
  837     0   0  C:\Program Files (x86)\PICC\devices\18F4550.h
----- -----
  899    46 Total

Page ROM  %  RAM   Vol Diff  Functions:
---- --- --- ---   --- ----  ----------
0     38   7    1             @delay_ms1
0    242  43    1  1266  4.4  main
 Inline         0             @cinit1

Program metrics:
    Functions               1
    Statements              46
    Comments                190
    Volume (V)              1272
    Difficulty (D)          4.3
    Effort to implement (E) 5474
    Time to implement (T)   5 minutes
    Est Delivered Bugs (B)  0
    Cyclomatic Complexity   5
    Maintainability (MI)    100

 Segment     Used  Free
-----------  ----  ----
00000-00002     4  0  
00004-07FFE   280  32484  



